2026-02-04T19:41:12.658Z [network][GET 200] /api/testimonials
  response: [{"_id":"69839d13625c6f27291541df","parentName":"Kunal SShah","location":"Delhi","rating":5,"testimonialText":"PRJ GyanJaya is a CBSE-affiliated school offering education up to Class 12. Established in 2009, the school brings over 17 years of excellence in education. It provides both Boarding and Day School facilities with modern infrastructure, an English-medium curriculum, and a strong commitment to high-quality education and holistic student development.","avatarUrl":null,"featured":true,"displayOrder":1,"createdAt":"2026-02-04T19:25:07.511Z","updatedAt":"2026-02-04T19:27:40.256Z","__v":0,"id":"69839d13625c6f27291541df"}]
2026-02-04T19:42:04.296Z [console][log] [Fast Refresh] rebuilding
2026-02-04T19:42:04.616Z [console][log] [Fast Refresh] done in 435ms
2026-02-04T19:42:39.807Z [console][log] [Fast Refresh] rebuilding
2026-02-04T19:42:40.908Z [console][log] [Fast Refresh] done in 1696ms
2026-02-04T19:42:56.548Z [console][log] [Fast Refresh] rebuilding
2026-02-04T19:42:59.322Z [console][log] [Fast Refresh] done in 3764ms
2026-02-07T07:24:48.219Z [console][warn] [Fast Refresh] rebuilding
2026-02-07T07:24:48.502Z [console][warn] [Fast Refresh] done in 382ms
2026-02-07T07:24:48.673Z [console][warn] %cDownload the React DevTools for a better development experience: https://react.dev/link/react-devtools font-weight:bold
2026-02-07T07:24:48.875Z [console][error] A tree hydrated but some attributes of the server rendered HTML didn't match the client properties. This won't be patched up. This can happen if a SSR-ed Client Component used:

- A server/client branch `if (typeof window !== 'undefined')`.
- Variable input such as `Date.now()` or `Math.random()` which changes each time it's called.
- Date formatting in a user's locale which doesn't match the server.
- External changing data without sending a snapshot of it along with the HTML.
- Invalid HTML tag nesting.

It can also happen if the client has a browser extension installed which messes with the HTML before React loaded.

%s%s https://react.dev/link/hydration-mismatch 

  ...
    <HotReload assetPrefix="" globalError={[...]}>
      <AppDevOverlay state={{nextId:1, ...}} globalError={[...]}>
        <AppDevOverlayErrorBoundary globalError={[...]} onError={function bound dispatchSetState}>
          <ReplaySsrOnlyErrors>
          <DevRootHTTPAccessFallbackBoundary>
            <HTTPAccessFallbackBoundary notFound={<NotAllowedRootHTTPFallbackError>}>
              <HTTPAccessFallbackErrorBoundary pathname="/" notFound={<NotAllowedRootHTTPFallbackError>} ...>
                <RedirectBoundary>
                  <RedirectErrorBoundary router={{...}}>
                    <Head>
                    <link>
                    <script>
                    <script>
                    <script>
                    <RootLayout>
                      <html lang="en">
                        <body className="antialiased">
                          <Script>
                          <ErrorReporter>
                          <Script>
                          <Toaster>
                          ...
                            <ClientPageRoot Component={function HomePage} searchParams={{}} params={{}}>
                              <HomePage params={Promise} searchParams={Promise}>
                                <div
                                  className="min-h-screen"
-                                 data-orchid-ref="ref-qtdthb9suu"
                                >
                                  <Navbar>
                                    <nav
                                      className="fixed top-0 left-0 right-0 z-50 transition-all duration-500 bg-white/..."
-                                     data-orchid-ref="ref-pf1cw7he0a"
                                    >
                                      <div
                                        className="container mx-auto px-3 sm:px-4"
-                                       data-orchid-ref="ref-d70ldvjv1i"
                                      >
                                        <div
                                          className="absolute top-0 left-0 right-0 h-[2px] bg-gradient-to-r from-trans..."
-                                         data-orchid-ref="ref-f4t0moh73x"
                                        >
                                        <div
                                          className="flex items-center justify-between h-16 sm:h-20"
-                                         data-orchid-ref="ref-1mkug3d6gk"
                                        >
                                          <LinkComponent href="/" className="flex items...">
                                            <a
                                              className="flex items-center space-x-2 group relative"
                                              ref={function}
                                              onClick={function onClick}
                                              onMouseEnter={function onMouseEnter}
                                              onTouchStart={function onTouchStart}
                                              href="/"
-                                             data-orchid-ref="ref-f7pvy6kj1o"
                                            >
                                              <div
                               ... [truncated]
2026-02-07T07:24:48.877Z [console][log] __ORCHIDS_NAVIGATE__ http://localhost:3000/
2026-02-07T07:24:54.796Z [console][error] Failed to load spotlight school: TypeError: Failed to fetch
2026-02-07T07:24:54.797Z [console][error] Failed to load trending schools: TypeError: Failed to fetch
2026-02-07T07:24:54.887Z [console][warn] %cDownload the React DevTools for a better development experience: https://react.dev/link/react-devtools font-weight:bold
2026-02-07T07:24:55.002Z [console][error] A tree hydrated but some attributes of the server rendered HTML didn't match the client properties. This won't be patched up. This can happen if a SSR-ed Client Component used:

- A server/client branch `if (typeof window !== 'undefined')`.
- Variable input such as `Date.now()` or `Math.random()` which changes each time it's called.
- Date formatting in a user's locale which doesn't match the server.
- External changing data without sending a snapshot of it along with the HTML.
- Invalid HTML tag nesting.

It can also happen if the client has a browser extension installed which messes with the HTML before React loaded.

%s%s https://react.dev/link/hydration-mismatch 

  ...
    <HotReload assetPrefix="" globalError={[...]}>
      <AppDevOverlay state={{nextId:1, ...}} globalError={[...]}>
        <AppDevOverlayErrorBoundary globalError={[...]} onError={function bound dispatchSetState}>
          <ReplaySsrOnlyErrors>
          <DevRootHTTPAccessFallbackBoundary>
            <HTTPAccessFallbackBoundary notFound={<NotAllowedRootHTTPFallbackError>}>
              <HTTPAccessFallbackErrorBoundary pathname="/" notFound={<NotAllowedRootHTTPFallbackError>} ...>
                <RedirectBoundary>
                  <RedirectErrorBoundary router={{...}}>
                    <Head>
                    <link>
                    <script>
                    <script>
                    <script>
                    <RootLayout>
                      <html lang="en">
                        <body className="antialiased">
                          <Script>
                          <ErrorReporter>
                          <Script>
                          <Toaster>
                          ...
                            <ClientPageRoot Component={function HomePage} searchParams={{}} params={{}}>
                              <HomePage params={Promise} searchParams={Promise}>
                                <div
                                  className="min-h-screen"
-                                 data-orchid-ref="ref-ca1x52b3g9"
                                >
                                  <Navbar>
                                    <nav
                                      className="fixed top-0 left-0 right-0 z-50 transition-all duration-500 bg-white/..."
-                                     data-orchid-ref="ref-35fvpfvzqe"
                                    >
                                      <div
                                        className="container mx-auto px-3 sm:px-4"
-                                       data-orchid-ref="ref-7y6n2e5ax8"
                                      >
                                        <div
                                          className="absolute top-0 left-0 right-0 h-[2px] bg-gradient-to-r from-trans..."
-                                         data-orchid-ref="ref-fabwvl8ttw"
                                        >
                                        <div
                                          className="flex items-center justify-between h-16 sm:h-20"
-                                         data-orchid-ref="ref-v80orbawuh"
                                        >
                                          <LinkComponent href="/" className="flex items...">
                                            <a
                                              className="flex items-center space-x-2 group relative"
                                              ref={function}
                                              onClick={function onClick}
                                              onMouseEnter={function onMouseEnter}
                                              onTouchStart={function onTouchStart}
                                              href="/"
-                                             data-orchid-ref="ref-wosocv1bhk"
                                            >
                                              <div
                               ... [truncated]
2026-02-07T07:24:55.004Z [console][log] __ORCHIDS_NAVIGATE__ http://localhost:3000/
2026-02-07T07:24:55.267Z [console][warn] [Fast Refresh] rebuilding
2026-02-07T07:24:55.323Z [console][warn] [Fast Refresh] done in 157ms
2026-02-07T07:31:28.532Z [console][warn] [Fast Refresh] rebuilding
2026-02-07T07:31:43.300Z [console][warn] %cDownload the React DevTools for a better development experience: https://react.dev/link/react-devtools font-weight:bold
2026-02-07T07:31:44.230Z [console][error] A tree hydrated but some attributes of the server rendered HTML didn't match the client properties. This won't be patched up. This can happen if a SSR-ed Client Component used:

- A server/client branch `if (typeof window !== 'undefined')`.
- Variable input such as `Date.now()` or `Math.random()` which changes each time it's called.
- Date formatting in a user's locale which doesn't match the server.
- External changing data without sending a snapshot of it along with the HTML.
- Invalid HTML tag nesting.

It can also happen if the client has a browser extension installed which messes with the HTML before React loaded.

%s%s https://react.dev/link/hydration-mismatch 

  ...
    <HotReload assetPrefix="" globalError={[...]}>
      <AppDevOverlay state={{nextId:1, ...}} globalError={[...]}>
        <AppDevOverlayErrorBoundary globalError={[...]} onError={function bound dispatchSetState}>
          <ReplaySsrOnlyErrors>
          <DevRootHTTPAccessFallbackBoundary>
            <HTTPAccessFallbackBoundary notFound={<NotAllowedRootHTTPFallbackError>}>
              <HTTPAccessFallbackErrorBoundary pathname="/" notFound={<NotAllowedRootHTTPFallbackError>} ...>
                <RedirectBoundary>
                  <RedirectErrorBoundary router={{...}}>
                    <Head>
                    <link>
                    <script>
                    <script>
                    <script>
                    <RootLayout>
                      <html lang="en">
                        <body className="antialiased">
                          <Script>
                          <ErrorReporter>
                          <Script>
                          <Toaster>
                          ...
                            <ClientPageRoot Component={function HomePage} searchParams={{}} params={{}}>
                              <HomePage params={Promise} searchParams={Promise}>
                                <div
                                  className="min-h-screen"
-                                 data-orchid-ref="ref-2l0qbk4z7r"
                                >
                                  <Navbar>
                                    <nav
                                      className="fixed top-0 left-0 right-0 z-50 transition-all duration-500 bg-white/..."
-                                     data-orchid-ref="ref-gzi6cgjoks"
                                    >
                                      <div
                                        className="container mx-auto px-3 sm:px-4"
-                                       data-orchid-ref="ref-remgd18a4z"
                                      >
                                        <div
                                          className="absolute top-0 left-0 right-0 h-[2px] bg-gradient-to-r from-trans..."
-                                         data-orchid-ref="ref-xzacwlta7a"
                                        >
                                        <div
                                          className="flex items-center justify-between h-16 sm:h-20"
-                                         data-orchid-ref="ref-g7l4t9to5k"
                                        >
                                          <LinkComponent href="/" className="flex items...">
                                            <a
                                              className="flex items-center space-x-2 group relative"
                                              ref={function}
                                              onClick={function onClick}
                                              onMouseEnter={function onMouseEnter}
                                              onTouchStart={function onTouchStart}
                                              href="/"
-                                             data-orchid-ref="ref-y1wmfkel0m"
                                            >
                                              <div
                               ... [truncated]
2026-02-07T07:31:44.239Z [console][log] __ORCHIDS_NAVIGATE__ http://localhost:3000/
2026-02-07T07:31:44.228Z [console][error] A tree hydrated but some attributes of the server rendered HTML didn't match the client properties. This won't be patched up. This can happen if a SSR-ed Client Component used:

- A server/client branch `if (typeof window !== 'undefined')`.
- Variable input such as `Date.now()` or `Math.random()` which changes each time it's called.
- Date formatting in a user's locale which doesn't match the server.
- External changing data without sending a snapshot of it along with the HTML.
- Invalid HTML tag nesting.

It can also happen if the client has a browser extension installed which messes with the HTML before React loaded.

%s%s https://react.dev/link/hydration-mismatch 

  ...
    <HotReload assetPrefix="" globalError={[...]}>
      <AppDevOverlay state={{nextId:1, ...}} globalError={[...]}>
        <AppDevOverlayErrorBoundary globalError={[...]} onError={function bound dispatchSetState}>
          <ReplaySsrOnlyErrors>
          <DevRootHTTPAccessFallbackBoundary>
            <HTTPAccessFallbackBoundary notFound={<NotAllowedRootHTTPFallbackError>}>
              <HTTPAccessFallbackErrorBoundary pathname="/" notFound={<NotAllowedRootHTTPFallbackError>} ...>
                <RedirectBoundary>
                  <RedirectErrorBoundary router={{...}}>
                    <Head>
                    <link>
                    <script>
                    <script>
                    <script>
                    <RootLayout>
                      <html lang="en">
                        <body className="antialiased">
                          <Script>
                          <ErrorReporter>
                          <Script>
                          <Toaster>
                          ...
                            <ClientPageRoot Component={function HomePage} searchParams={{}} params={{}}>
                              <HomePage params={Promise} searchParams={Promise}>
                                <div
                                  className="min-h-screen"
-      ...
2026-02-07T07:31:44.238Z [console][debug] __ORCHIDS_NAVIGATE__ http://localhost:3000/
2026-02-07T07:24:48.875Z [console][error] A tree hydrated but some attributes of the server rendered HTML didn't match the client properties. This won't be patched up. This can happen if a SSR-ed Client Component used:

- A server/client branch `if (typeof window !== 'undefined')`.
- Variable input such as `Date.now()` or `Math.random()` which changes each time it's called.
- Date formatting in a user's locale which doesn't match the server.
- External changing data without sending a snapshot of it along with the HTML.
- Invalid HTML tag nesting.

It can also happen if the client has a browser extension installed which messes with the HTML before React loaded.

%s%s https://react.dev/link/hydration-mismatch 

  ...
    <HotReload assetPrefix="" globalError={[...]}>
      <AppDevOverlay state={{nextId:1, ...}} globalError={[...]}>
        <AppDevOverlayErrorBoundary globalError={[...]} onError={function bound dispatchSetState}>
          <ReplaySsrOnlyErrors>
          <DevRootHTTPAccessFallbackBoundary>
            <HTTPAccessFallbackBoundary notFound={<NotAllowedRootHTTPFallbackError>}>
              <HTTPAccessFallbackErrorBoundary pathname="/" notFound={<NotAllowedRootHTTPFallbackError>} ...>
                <RedirectBoundary>
                  <RedirectErrorBoundary router={{...}}>
                    <Head>
                    <link>
                    <script>
                    <script>
                    <script>
                    <RootLayout>
                      <html lang="en">
                        <body className="antialiased">
                          <Script>
                          <ErrorReporter>
                          <Script>
                          <Toaster>
                          ...
                            <ClientPageRoot Component={function HomePage} searchParams={{}} params={{}}>
                              <HomePage params={Promise} searchParams={Promise}>
                                <div
                                  className="min-h-screen"
-                                 data-orchid-ref="ref-qtdthb9suu"
                                >
                                  <Navbar>
                                    <nav
                                      className="fixed top-0 left-0 right-0 z-50 transition-all duration-500 bg-white/..."
-                                     data-orchid-ref="ref-pf1cw7he0a"
                                    >
                                      <div
                                        className="container mx-auto px-3 sm:px-4"
-                                       data-orchid-ref="ref-d70ldvjv1i"
                                      >
                                        <div
                                          className="absolute top-0 left-0 right-0 h-[2px] bg-gradient-to-r from-trans..."
-                                         data-orchid-ref="ref-f4t0moh73x"
                                        >
                                        <div
                                          className="flex items-center justify-between h-16 sm:h-20"
-                                         data-orchid-ref="ref-1mkug3d6gk"
                                        >
                                          <LinkComponent href="/" className="flex items...">
                                            <a
                                              className="flex items-center space-x-2 group relative"
                                              ref={function}
                                              onClick={function onClick}
                                              onMouseEnter={function onMouseEnter}
                                              onTouchStart={function onTouchStart}
                                              href="/"
-                                             data-orchid-ref="ref-f7pvy6kj1o"
                                            >
                                              <div
                               ... [truncated]
2026-02-07T07:24:54.796Z [console][error] Failed to load spotlight school: TypeError: Failed to fetch
2026-02-07T07:24:54.797Z [console][error] Failed to load trending schools: TypeError: Failed to fetch
2026-02-07T07:24:55.002Z [console][error] A tree hydrated but some attributes of the server rendered HTML didn't match the client properties. This won't be patched up. This can happen if a SSR-ed Client Component used:

- A server/client branch `if (typeof window !== 'undefined')`.
- Variable input such as `Date.now()` or `Math.random()` which changes each time it's called.
- Date formatting in a user's locale which doesn't match the server.
- External changing data without sending a snapshot of it along with the HTML.
- Invalid HTML tag nesting.

It can also happen if the client has a browser extension installed which messes with the HTML before React loaded.

%s%s https://react.dev/link/hydration-mismatch 

  ...
    <HotReload assetPrefix="" globalError={[...]}>
      <AppDevOverlay state={{nextId:1, ...}} globalError={[...]}>
        <AppDevOverlayErrorBoundary globalError={[...]} onError={function bound dispatchSetState}>
          <ReplaySsrOnlyErrors>
          <DevRootHTTPAccessFallbackBoundary>
            <HTTPAccessFallbackBoundary notFound={<NotAllowedRootHTTPFallbackError>}>
              <HTTPAccessFallbackErrorBoundary pathname="/" notFound={<NotAllowedRootHTTPFallbackError>} ...>
                <RedirectBoundary>
                  <RedirectErrorBoundary router={{...}}>
                    <Head>
                    <link>
                    <script>
                    <script>
                    <script>
                    <RootLayout>
                      <html lang="en">
                        <body className="antialiased">
                          <Script>
                          <ErrorReporter>
                          <Script>
                          <Toaster>
                          ...
                            <ClientPageRoot Component={function HomePage} searchParams={{}} params={{}}>
                              <HomePage params={Promise} searchParams={Promise}>
                                <div
                                  className="min-h-screen"
-                                 data-orchid-ref="ref-ca1x52b3g9"
                                >
                                  <Navbar>
                                    <nav
                                      className="fixed top-0 left-0 right-0 z-50 transition-all duration-500 bg-white/..."
-                                     data-orchid-ref="ref-35fvpfvzqe"
                                    >
                                      <div
                                        className="container mx-auto px-3 sm:px-4"
-                                       data-orchid-ref="ref-7y6n2e5ax8"
                                      >
                                        <div
                                          className="absolute top-0 left-0 right-0 h-[2px] bg-gradient-to-r from-trans..."
-                                         data-orchid-ref="ref-fabwvl8ttw"
                                        >
                                        <div
                                          className="flex items-center justify-between h-16 sm:h-20"
-                                         data-orchid-ref="ref-v80orbawuh"
                                        >
                                          <LinkComponent href="/" className="flex items...">
                                            <a
                                              className="flex items-center space-x-2 group relative"
                                              ref={function}
                                              onClick={function onClick}
                                              onMouseEnter={function onMouseEnter}
                                              onTouchStart={function onTouchStart}
                                              href="/"
-                                             data-orchid-ref="ref-wosocv1bhk"
                                            >
                                              <div
                               ... [truncated]
2026-02-07T07:31:44.230Z [console][error] A tree hydrated but some attributes of the server rendered HTML didn't match the client properties. This won't be patched up. This can happen if a SSR-ed Client Component used:

- A server/client branch `if (typeof window !== 'undefined')`.
- Variable input such as `Date.now()` or `Math.random()` which changes each time it's called.
- Date formatting in a user's locale which doesn't match the server.
- External changing data without sending a snapshot of it along with the HTML.
- Invalid HTML tag nesting.

It can also happen if the client has a browser extension installed which messes with the HTML before React loaded.

%s%s https://react.dev/link/hydration-mismatch 

  ...
    <HotReload assetPrefix="" globalError={[...]}>
      <AppDevOverlay state={{nextId:1, ...}} globalError={[...]}>
        <AppDevOverlayErrorBoundary globalError={[...]} onError={function bound dispatchSetState}>
          <ReplaySsrOnlyErrors>
          <DevRootHTTPAccessFallbackBoundary>
            <HTTPAccessFallbackBoundary notFound={<NotAllowedRootHTTPFallbackError>}>
              <HTTPAccessFallbackErrorBoundary pathname="/" notFound={<NotAllowedRootHTTPFallbackError>} ...>
                <RedirectBoundary>
                  <RedirectErrorBoundary router={{...}}>
                    <Head>
                    <link>
                    <script>
                    <script>
                    <script>
                    <RootLayout>
                      <html lang="en">
                        <body className="antialiased">
                          <Script>
                          <ErrorReporter>
                          <Script>
                          <Toaster>
                          ...
                            <ClientPageRoot Component={function HomePage} searchParams={{}} params={{}}>
                              <HomePage params={Promise} searchParams={Promise}>
                                <div
                                  className="min-h-screen"
-                                 data-orchid-ref="ref-2l0qbk4z7r"
                                >
                                  <Navbar>
                                    <nav
                                      className="fixed top-0 left-0 right-0 z-50 transition-all duration-500 bg-white/..."
-                                     data-orchid-ref="ref-gzi6cgjoks"
                                    >
                                      <div
                                        className="container mx-auto px-3 sm:px-4"
-                                       data-orchid-ref="ref-remgd18a4z"
                                      >
                                        <div
                                          className="absolute top-0 left-0 right-0 h-[2px] bg-gradient-to-r from-trans..."
-                                         data-orchid-ref="ref-xzacwlta7a"
                                        >
                                        <div
                                          className="flex items-center justify-between h-16 sm:h-20"
-                                         data-orchid-ref="ref-g7l4t9to5k"
                                        >
                                          <LinkComponent href="/" className="flex items...">
                                            <a
                                              className="flex items-center space-x-2 group relative"
                                              ref={function}
                                              onClick={function onClick}
                                              onMouseEnter={function onMouseEnter}
                                              onTouchStart={function onTouchStart}
                                              href="/"
-                                             data-orchid-ref="ref-y1wmfkel0m"
                                            >
                                              <div
                               ... [truncated]
2026-02-07T07:31:44.228Z [console][error] A tree hydrated but some attributes of the server rendered HTML didn't match the client properties. This won't be patched up. This can happen if a SSR-ed Client Component used:

- A server/client branch `if (typeof window !== 'undefined')`.
- Variable input such as `Date.now()` or `Math.random()` which changes each time it's called.
- Date formatting in a user's locale which doesn't match the server.
- External changing data without sending a snapshot of it along with the HTML.
- Invalid HTML tag nesting.

It can also happen if the client has a browser extension installed which messes with the HTML before React loaded.

%s%s https://react.dev/link/hydration-mismatch 

  ...
    <HotReload assetPrefix="" globalError={[...]}>
      <AppDevOverlay state={{nextId:1, ...}} globalError={[...]}>
        <AppDevOverlayErrorBoundary globalError={[...]} onError={function bound dispatchSetState}>
          <ReplaySsrOnlyErrors>
          <DevRootHTTPAccessFallbackBoundary>
            <HTTPAccessFallbackBoundary notFound={<NotAllowedRootHTTPFallbackError>}>
              <HTTPAccessFallbackErrorBoundary pathname="/" notFound={<NotAllowedRootHTTPFallbackError>} ...>
                <RedirectBoundary>
                  <RedirectErrorBoundary router={{...}}>
                    <Head>
                    <link>
                    <script>
                    <script>
                    <script>
                    <RootLayout>
                      <html lang="en">
                        <body className="antialiased">
                          <Script>
                          <ErrorReporter>
                          <Script>
                          <Toaster>
                          ...
                            <ClientPageRoot Component={function HomePage} searchParams={{}} params={{}}>
                              <HomePage params={Promise} searchParams={Promise}>
                                <div
                                  className="min-h-screen"
-      ...
2026-02-07T11:00:15.618Z [console][error] A tree hydrated but some attributes of the server rendered HTML didn't match the client properties. This won't be patched up. This can happen if a SSR-ed Client Component used:

- A server/client branch `if (typeof window !== 'undefined')`.
- Variable input such as `Date.now()` or `Math.random()` which changes each time it's called.
- Date formatting in a user's locale which doesn't match the server.
- External changing data without sending a snapshot of it along with the HTML.
- Invalid HTML tag nesting.

It can also happen if the client has a browser extension installed which messes with the HTML before React loaded.

%s%s https://react.dev/link/hydration-mismatch 

  ...
    <HotReload assetPrefix="" globalError={[...]}>
      <AppDevOverlay state={{nextId:1, ...}} globalError={[...]}>
        <AppDevOverlayErrorBoundary globalError={[...]} onError={function bound dispatchSetState}>
          <ReplaySsrOnlyErrors>
          <DevRootHTTPAccessFallbackBoundary>
            <HTTPAccessFallbackBoundary notFound={<NotAllowedRootHTTPFallbackError>}>
              <HTTPAccessFallbackErrorBoundary pathname="/" notFound={<NotAllowedRootHTTPFallbackError>} ...>
                <RedirectBoundary>
                  <RedirectErrorBoundary router={{...}}>
                    <Head>
                    <link>
                    <script>
                    <script>
                    <script>
                    <RootLayout>
                      <html lang="en">
                        <body className="antialiased">
                          <Script>
                          <ErrorReporter>
                          <Script>
                          <Toaster>
                          ...
                            <ClientPageRoot Component={function HomePage} searchParams={{}} params={{}}>
                              <HomePage params={Promise} searchParams={Promise}>
                                <div className="min-h-screen">
                                  <Navbar>
                                    <nav className="fixed top-...">
                                      <div className="container ...">
                                        <div>
                                        <div className="flex items...">
                                          <LinkComponent href="/" className="flex items...">
                                            <a className="flex items..." ref={function} onClick={function onClick} ...>
                                              <div className="relative">
                                                <div>
                                                <div>
                                                <div
                                                  className="relative flex items-center gap-2 sm:gap-3 px-2 sm:px-4 py..."
-                                                 data-orchid-ref="ref-q5h8wbd9ue"
                                                >
                                                  <div
                                                    className="relative"
-                                                   data-orchid-ref="ref-z9d7zk1idk"
                                                  >
                                                    <Sparkles className="text-cyan-...">
                                                      <svg
                                                        ref={null}
                                                        xmlns="http://www.w3.org/2000/svg"
                                                        width={24}
                                                        height={24}
                                                        viewBox="0 0 24 24"
                                                        fill="none"
                                                        stroke="currentColor"
                                                        strokeWidth={2}
                                      ... [truncated]
2026-02-07T11:02:38.170Z [console][error] A tree hydrated but some attributes of the server rendered HTML didn't match the client properties. This won't be patched up. This can happen if a SSR-ed Client Component used:

- A server/client branch `if (typeof window !== 'undefined')`.
- Variable input such as `Date.now()` or `Math.random()` which changes each time it's called.
- Date formatting in a user's locale which doesn't match the server.
- External changing data without sending a snapshot of it along with the HTML.
- Invalid HTML tag nesting.

It can also happen if the client has a browser extension installed which messes with the HTML before React loaded.

%s%s https://react.dev/link/hydration-mismatch 

  ...
    <HotReload assetPrefix="" globalError={[...]}>
      <AppDevOverlay state={{nextId:1, ...}} globalError={[...]}>
        <AppDevOverlayErrorBoundary globalError={[...]} onError={function bound dispatchSetState}>
          <ReplaySsrOnlyErrors>
          <DevRootHTTPAccessFallbackBoundary>
            <HTTPAccessFallbackBoundary notFound={<NotAllowedRootHTTPFallbackError>}>
              <HTTPAccessFallbackErrorBoundary pathname="/" notFound={<NotAllowedRootHTTPFallbackError>} ...>
                <RedirectBoundary>
                  <RedirectErrorBoundary router={{...}}>
                    <Head>
                    <link>
                    <script>
                    <script>
                    <script>
                    <RootLayout>
                      <html lang="en">
                        <body
                          className="antialiased"
-                         data-orchid-ref="ref-d3mqqkf44w"
                        >
                          <Script>
                          <ErrorReporter>
                          <Script>
                          <Toaster>
                          ...
                            <ClientPageRoot Component={function HomePage} searchParams={{}} params={{}}>
                              <HomePage params={Promise} searchParams={Promise}>
                                <div
                                  className="min-h-screen"
-                                 data-orchid-ref="ref-kvj4lskalw"
                                >
                                  <Navbar>
                                    <nav
                                      className="fixed top-0 left-0 right-0 z-50 transition-all duration-500 bg-white/..."
-                                     data-orchid-ref="ref-zevs4594id"
                                    >
                                      <div
                                        className="container mx-auto px-3 sm:px-4"
-                                       data-orchid-ref="ref-n8oiwoghg4"
                                      >
                                        <div
                                          className="absolute top-0 left-0 right-0 h-[2px] bg-gradient-to-r from-trans..."
-                                         data-orchid-ref="ref-voimb9al7a"
                                        >
                                        <div
                                          className="flex items-center justify-between h-16 sm:h-20"
-                                         data-orchid-ref="ref-rvxhbv4hdb"
                                        >
                                          <LinkComponent href="/" className="flex items...">
                                            <a
                                              className="flex items-center space-x-2 group relative"
                                              ref={function}
                                              onClick={function onClick}
                                              onMouseEnter={function onMouseEnter}
                                              onTouchStart={function onTouchStart}
                                              href="/"
-                                             data-orchid-ref="ref-8819zwvo55"
                  ... [truncated]
2026-02-07T11:05:47.934Z [console][error] A tree hydrated but some attributes of the server rendered HTML didn't match the client properties. This won't be patched up. This can happen if a SSR-ed Client Component used:

- A server/client branch `if (typeof window !== 'undefined')`.
- Variable input such as `Date.now()` or `Math.random()` which changes each time it's called.
- Date formatting in a user's locale which doesn't match the server.
- External changing data without sending a snapshot of it along with the HTML.
- Invalid HTML tag nesting.

It can also happen if the client has a browser extension installed which messes with the HTML before React loaded.

%s%s https://react.dev/link/hydration-mismatch 

  ...
    <HotReload assetPrefix="" globalError={[...]}>
      <AppDevOverlay state={{nextId:1, ...}} globalError={[...]}>
        <AppDevOverlayErrorBoundary globalError={[...]} onError={function bound dispatchSetState}>
          <ReplaySsrOnlyErrors>
          <DevRootHTTPAccessFallbackBoundary>
            <HTTPAccessFallbackBoundary notFound={<NotAllowedRootHTTPFallbackError>}>
              <HTTPAccessFallbackErrorBoundary pathname="/" notFound={<NotAllowedRootHTTPFallbackError>} ...>
                <RedirectBoundary>
                  <RedirectErrorBoundary router={{...}}>
                    <Head>
                    <link>
                    <script>
                    <script>
                    <script>
                    <RootLayout>
                      <html lang="en">
                        <body className="antialiased">
                          <Script>
                          <ErrorReporter>
                          <Script>
                          <Toaster>
                          ...
                            <ClientPageRoot Component={function HomePage} searchParams={{}} params={{}}>
                              <HomePage params={Promise} searchParams={Promise}>
                                <div
                                  className="min-h-screen"
-                                 data-orchid-ref="ref-ulxmn5fnrn"
                                >
                                  <Navbar>
                                    <nav
                                      className="fixed top-0 left-0 right-0 z-50 transition-all duration-500 bg-white/..."
-                                     data-orchid-ref="ref-jlnhd61cbp"
                                    >
                                      <div
                                        className="container mx-auto px-3 sm:px-4"
-                                       data-orchid-ref="ref-82586msjqb"
                                      >
                                        <div
                                          className="absolute top-0 left-0 right-0 h-[2px] bg-gradient-to-r from-trans..."
-                                         data-orchid-ref="ref-8w3qn4412i"
                                        >
                                        <div
                                          className="flex items-center justify-between h-16 sm:h-20"
-                                         data-orchid-ref="ref-l3o3rhbajk"
                                        >
                                          <LinkComponent href="/" className="flex items...">
                                            <a
                                              className="flex items-center space-x-2 group relative"
                                              ref={function}
                                              onClick={function onClick}
                                              onMouseEnter={function onMouseEnter}
                                              onTouchStart={function onTouchStart}
                                              href="/"
-                                             data-orchid-ref="ref-68o8w1kjaw"
                                            >
                                              <div
                               ... [truncated]
2026-02-07T11:11:21.458Z [console][error] A tree hydrated but some attributes of the server rendered HTML didn't match the client properties. This won't be patched up. This can happen if a SSR-ed Client Component used:

- A server/client branch `if (typeof window !== 'undefined')`.
- Variable input such as `Date.now()` or `Math.random()` which changes each time it's called.
- Date formatting in a user's locale which doesn't match the server.
- External changing data without sending a snapshot of it along with the HTML.
- Invalid HTML tag nesting.

It can also happen if the client has a browser extension installed which messes with the HTML before React loaded.

%s%s https://react.dev/link/hydration-mismatch 

  ...
    <HotReload assetPrefix="" globalError={[...]}>
      <AppDevOverlay state={{nextId:1, ...}} globalError={[...]}>
        <AppDevOverlayErrorBoundary globalError={[...]} onError={function bound dispatchSetState}>
          <ReplaySsrOnlyErrors>
          <DevRootHTTPAccessFallbackBoundary>
            <HTTPAccessFallbackBoundary notFound={<NotAllowedRootHTTPFallbackError>}>
              <HTTPAccessFallbackErrorBoundary pathname="/" notFound={<NotAllowedRootHTTPFallbackError>} ...>
                <RedirectBoundary>
                  <RedirectErrorBoundary router={{...}}>
                    <Head>
                    <link>
                    <script>
                    <script>
                    <script>
                    <RootLayout>
                      <html lang="en">
                        <body className="antialiased">
                          <Script>
                          <ErrorReporter>
                          <Script>
                          <Toaster>
                          ...
                            <ClientPageRoot Component={function HomePage} searchParams={{}} params={{}}>
                              <HomePage params={Promise} searchParams={Promise}>
                                <div
                                  className="min-h-screen"
-                                 data-orchid-ref="ref-j0fi8wuh93"
                                >
                                  <Navbar>
                                    <nav
                                      className="fixed top-0 left-0 right-0 z-50 transition-all duration-500 bg-white/..."
-                                     data-orchid-ref="ref-wd6dp9iz4q"
                                    >
                                      <div
                                        className="container mx-auto px-3 sm:px-4"
-                                       data-orchid-ref="ref-su1ig9p99o"
                                      >
                                        <div
                                          className="absolute top-0 left-0 right-0 h-[2px] bg-gradient-to-r from-trans..."
-                                         data-orchid-ref="ref-ewuca1pxbh"
                                        >
                                        <div
                                          className="flex items-center justify-between h-16 sm:h-20"
-                                         data-orchid-ref="ref-z4k3z47lrx"
                                        >
                                          <LinkComponent href="/" className="flex items...">
                                            <a
                                              className="flex items-center space-x-2 group relative"
                                              ref={function}
                                              onClick={function onClick}
                                              onMouseEnter={function onMouseEnter}
                                              onTouchStart={function onTouchStart}
                                              href="/"
-                                             data-orchid-ref="ref-lyibo6n6kw"
                                            >
                                              <div
                               ... [truncated]
2026-02-07T11:24:56.462Z [console][error] Maximum update depth exceeded. This can happen when a component calls setState inside useEffect, but useEffect either doesn't have a dependency array, or one of the dependencies changes on every render.
2026-02-07T11:24:58.151Z [console][error] Maximum update depth exceeded. This can happen when a component calls setState inside useEffect, but useEffect either doesn't have a dependency array, or one of the dependencies changes on every render.
2026-02-07T11:11:21.457Z [console][error] A tree hydrated but some attributes of the server rendered HTML didn't match the client properties. This won't be patched up. This can happen if a SSR-ed Client Component used:

- A server/client branch `if (typeof window !== 'undefined')`.
- Variable input such as `Date.now()` or `Math.random()` which changes each time it's called.
- Date formatting in a user's locale which doesn't match the server.
- External changing data without sending a snapshot of it along with the HTML.
- Invalid HTML tag nesting.

It can also happen if the client has a browser extension installed which messes with the HTML before React loaded.

%s%s https://react.dev/link/hydration-mismatch 

  ...
    <HotReload assetPrefix="" globalError={[...]}>
      <AppDevOverlay state={{nextId:1, ...}} globalError={[...]}>
        <AppDevOverlayErrorBoundary globalError={[...]} onError={function bound dispatchSetState}>
          <ReplaySsrOnlyErrors>
          <DevRootHTTPAccessFallbackBoundary>
            <HTTPAccessFallbackBoundary notFound={<NotAllowedRootHTTPFallbackError>}>
              <HTTPAccessFallbackErrorBoundary pathname="/" notFound={<NotAllowedRootHTTPFallbackError>} ...>
                <RedirectBoundary>
                  <RedirectErrorBoundary router={{...}}>
                    <Head>
                    <link>
                    <script>
                    <script>
                    <script>
                    <RootLayout>
                      <html lang="en">
                        <body className="antialiased">
                          <Script>
                          <ErrorReporter>
                          <Script>
                          <Toaster>
                          ...
                            <ClientPageRoot Component={function HomePage} searchParams={{}} params={{}}>
                              <HomePage params={Promise} searchParams={Promise}>
                                <div
                                  className="min-h-screen"
-      ...
2026-02-07T11:24:56.468Z [console][error] Maximum update depth exceeded. This can happen when a component calls setState inside useEffect, but useEffect either doesn't have a dependency array, or one of the dependencies changes on every render.
2026-02-07T11:24:58.155Z [console][error] Maximum update depth exceeded. This can happen when a component calls setState inside useEffect, but useEffect either doesn't have a dependency array, or one of the dependencies changes on every render.
2026-02-07T16:13:33.081Z [console][error] A tree hydrated but some attributes of the server rendered HTML didn't match the client properties. This won't be patched up. This can happen if a SSR-ed Client Component used:

- A server/client branch `if (typeof window !== 'undefined')`.
- Variable input such as `Date.now()` or `Math.random()` which changes each time it's called.
- Date formatting in a user's locale which doesn't match the server.
- External changing data without sending a snapshot of it along with the HTML.
- Invalid HTML tag nesting.

It can also happen if the client has a browser extension installed which messes with the HTML before React loaded.

%s%s https://react.dev/link/hydration-mismatch 

  ...
    <HotReload assetPrefix="" globalError={[...]}>
      <AppDevOverlay state={{nextId:1, ...}} globalError={[...]}>
        <AppDevOverlayErrorBoundary globalError={[...]} onError={function bound dispatchSetState}>
          <ReplaySsrOnlyErrors>
          <DevRootHTTPAccessFallbackBoundary>
            <HTTPAccessFallbackBoundary notFound={<NotAllowedRootHTTPFallbackError>}>
              <HTTPAccessFallbackErrorBoundary pathname="/" notFound={<NotAllowedRootHTTPFallbackError>} ...>
                <RedirectBoundary>
                  <RedirectErrorBoundary router={{...}}>
                    <Head>
                    <link>
                    <script>
                    <script>
                    <script>
                    <RootLayout>
                      <html lang="en">
                        <body className="antialiased">
                          <Script>
                          <ErrorReporter>
                          <Script>
                          <Toaster>
                          ...
                            <ClientPageRoot Component={function HomePage} searchParams={{}} params={{}}>
                              <HomePage params={Promise} searchParams={Promise}>
                                <div
                                  className="min-h-screen"
-                                 data-orchid-ref="ref-qqkxshvwej"
                                >
                                  <Navbar>
                                    <nav
                                      className="fixed top-0 left-0 right-0 z-50 transition-all duration-500 bg-white/..."
-                                     data-orchid-ref="ref-o7w8icaikf"
                                    >
                                      <div
                                        className="container mx-auto px-3 sm:px-4"
-                                       data-orchid-ref="ref-b6r04xbzbs"
                                      >
                                        <div
                                          className="absolute top-0 left-0 right-0 h-[2px] bg-gradient-to-r from-trans..."
-                                         data-orchid-ref="ref-rfx4q3h8n2"
                                        >
                                        <div
                                          className="flex items-center justify-between h-16 sm:h-20"
-                                         data-orchid-ref="ref-2wb6m5erub"
                                        >
                                          <LinkComponent href="/" className="flex items...">
                                            <a
                                              className="flex items-center space-x-2 group relative"
                                              ref={function}
                                              onClick={function onClick}
                                              onMouseEnter={function onMouseEnter}
                                              onTouchStart={function onTouchStart}
                                              href="/"
-                                             data-orchid-ref="ref-39kcmpcf38"
                                            >
                                              <div
                               ... [truncated]
2026-02-08T05:48:15.606Z [console][error] Uncaught Error: ./src/app/page.tsx:175:6
Parsing ecmascript source code failed
  173 |
  174 |   return (
> 175 |     <div className="min-h-screen">
      |      ^^^
  176 |       <Navbar />
  177 |
  178 |       {/* Hero Section - Modern Split Layout */}

Unexpected token `div`. Expected jsx identifier


2026-02-08T05:48:15.708Z [console][error] ./src/app/page.tsx:175:6
Parsing ecmascript source code failed
  173 |
  174 |   return (
> 175 |     <div className="min-h-screen">
      |      ^^^
  176 |       <Navbar />
  177 |
  178 |       {/* Hero Section - Modern Split Layout */}

Unexpected token `div`. Expected jsx identifier
2026-02-08T05:48:15.802Z [console][error] ./src/app/page.tsx:175:6
Parsing ecmascript source code failed
  173 |
  174 |   return (
> 175 |     <div className="min-h-screen">
      |      ^^^
  176 |       <Navbar />
  177 |
  178 |       {/* Hero Section - Modern Split Layout */}

Unexpected token `div`. Expected jsx identifier
2026-02-08T05:48:15.709Z [console][error] ./src/app/page.tsx:175:6
Parsing ecmascript source code failed
  173 |
  174 |   return (
> 175 |     <div className="min-h-screen">
      |      ^^^
  176 |       <Navbar />
  177 |
  178 |       {/* Hero Section - Modern Split Layout */}

Unexpected token `div`. Expected jsx identifier
2026-02-08T05:48:15.803Z [console][error] ./src/app/page.tsx:175:6
Parsing ecmascript source code failed
  173 |
  174 |   return (
> 175 |     <div className="min-h-screen">
      |      ^^^
  176 |       <Navbar />
  177 |
  178 |       {/* Hero Section - Modern Split Layout */}

Unexpected token `div`. Expected jsx identifier
2026-02-08T10:23:35.060Z [console][error] A tree hydrated but some attributes of the server rendered HTML didn't match the client properties. This won't be patched up. This can happen if a SSR-ed Client Component used:

- A server/client branch `if (typeof window !== 'undefined')`.
- Variable input such as `Date.now()` or `Math.random()` which changes each time it's called.
- Date formatting in a user's locale which doesn't match the server.
- External changing data without sending a snapshot of it along with the HTML.
- Invalid HTML tag nesting.

It can also happen if the client has a browser extension installed which messes with the HTML before React loaded.

%s%s https://react.dev/link/hydration-mismatch 

  ...
    <HotReload assetPrefix="" globalError={[...]}>
      <AppDevOverlay state={{nextId:1, ...}} globalError={[...]}>
        <AppDevOverlayErrorBoundary globalError={[...]} onError={function bound dispatchSetState}>
          <ReplaySsrOnlyErrors>
          <DevRootHTTPAccessFallbackBoundary>
            <HTTPAccessFallbackBoundary notFound={<NotAllowedRootHTTPFallbackError>}>
              <HTTPAccessFallbackErrorBoundary pathname="/" notFound={<NotAllowedRootHTTPFallbackError>} ...>
                <RedirectBoundary>
                  <RedirectErrorBoundary router={{...}}>
                    <Head>
                    <link>
                    <script>
                    <script>
                    <script>
                    <RootLayout>
                      <html lang="en">
                        <body className="antialiased">
                          <Script>
                          <ErrorReporter>
                          <Script>
                          <Toaster>
                          ...
                            <ClientPageRoot Component={function HomePage} searchParams={{}} params={{}}>
                              <HomePage params={Promise} searchParams={Promise}>
                                <div
                                  className="min-h-screen"
-                                 data-orchid-ref="ref-261g36v4wj"
                                >
                                  <Navbar>
                                    <nav
                                      className="fixed top-0 left-0 right-0 z-50 transition-all duration-500 bg-white/..."
-                                     data-orchid-ref="ref-odmz5wfy5o"
                                    >
                                      <div
                                        className="container mx-auto px-3 sm:px-4"
-                                       data-orchid-ref="ref-zy4qcs0ckj"
                                      >
                                        <div
                                          className="absolute top-0 left-0 right-0 h-[2px] bg-gradient-to-r from-trans..."
-                                         data-orchid-ref="ref-rlp6c59sqw"
                                        >
                                        <div
                                          className="flex items-center justify-between h-16 sm:h-20"
-                                         data-orchid-ref="ref-r2mweokjsl"
                                        >
                                          <LinkComponent href="/" className="flex items...">
                                            <a
                                              className="flex items-center space-x-2 group relative"
                                              ref={function}
                                              onClick={function onClick}
                                              onMouseEnter={function onMouseEnter}
                                              onTouchStart={function onTouchStart}
                                              href="/"
-                                             data-orchid-ref="ref-zqmo5ug72n"
                                            >
                                              <div
                               ... [truncated]
2026-02-08T10:23:35.059Z [console][error] A tree hydrated but some attributes of the server rendered HTML didn't match the client properties. This won't be patched up. This can happen if a SSR-ed Client Component used:

- A server/client branch `if (typeof window !== 'undefined')`.
- Variable input such as `Date.now()` or `Math.random()` which changes each time it's called.
- Date formatting in a user's locale which doesn't match the server.
- External changing data without sending a snapshot of it along with the HTML.
- Invalid HTML tag nesting.

It can also happen if the client has a browser extension installed which messes with the HTML before React loaded.

%s%s https://react.dev/link/hydration-mismatch 

  ...
    <HotReload assetPrefix="" globalError={[...]}>
      <AppDevOverlay state={{nextId:1, ...}} globalError={[...]}>
        <AppDevOverlayErrorBoundary globalError={[...]} onError={function bound dispatchSetState}>
          <ReplaySsrOnlyErrors>
          <DevRootHTTPAccessFallbackBoundary>
            <HTTPAccessFallbackBoundary notFound={<NotAllowedRootHTTPFallbackError>}>
              <HTTPAccessFallbackErrorBoundary pathname="/" notFound={<NotAllowedRootHTTPFallbackError>} ...>
                <RedirectBoundary>
                  <RedirectErrorBoundary router={{...}}>
                    <Head>
                    <link>
                    <script>
                    <script>
                    <script>
                    <RootLayout>
                      <html lang="en">
                        <body className="antialiased">
                          <Script>
                          <ErrorReporter>
                          <Script>
                          <Toaster>
                          ...
                            <ClientPageRoot Component={function HomePage} searchParams={{}} params={{}}>
                              <HomePage params={Promise} searchParams={Promise}>
                                <div
                                  className="min-h-screen"
-      ...
2026-02-10T18:43:57.212Z [console][error] A tree hydrated but some attributes of the server rendered HTML didn't match the client properties. This won't be patched up. This can happen if a SSR-ed Client Component used:

- A server/client branch `if (typeof window !== 'undefined')`.
- Variable input such as `Date.now()` or `Math.random()` which changes each time it's called.
- Date formatting in a user's locale which doesn't match the server.
- External changing data without sending a snapshot of it along with the HTML.
- Invalid HTML tag nesting.

It can also happen if the client has a browser extension installed which messes with the HTML before React loaded.

%s%s https://react.dev/link/hydration-mismatch 

  ...
    <HotReload assetPrefix="" globalError={[...]}>
      <AppDevOverlay state={{nextId:1, ...}} globalError={[...]}>
        <AppDevOverlayErrorBoundary globalError={[...]} onError={function bound dispatchSetState}>
          <ReplaySsrOnlyErrors>
          <DevRootHTTPAccessFallbackBoundary>
            <HTTPAccessFallbackBoundary notFound={<NotAllowedRootHTTPFallbackError>}>
              <HTTPAccessFallbackErrorBoundary pathname="/" notFound={<NotAllowedRootHTTPFallbackError>} ...>
                <RedirectBoundary>
                  <RedirectErrorBoundary router={{...}}>
                    <Head>
                    <link>
                    <script>
                    <script>
                    <script>
                    <RootLayout>
                      <html lang="en">
                        <body className="antialiased">
                          <Script>
                          <ErrorReporter>
                          <Script>
                          <Toaster>
                          ...
                            <ClientPageRoot Component={function HomePage} searchParams={{}} params={{}}>
                              <HomePage params={Promise} searchParams={Promise}>
                                <div
                                  className="min-h-screen"
-                                 data-orchid-ref="ref-fbire9cfm2"
                                >
                                  <Navbar>
                                    <nav
                                      className="fixed top-0 left-0 right-0 z-50 transition-all duration-500 bg-white/..."
-                                     data-orchid-ref="ref-3561aubs51"
                                    >
                                      <div
                                        className="container mx-auto px-3 sm:px-4"
-                                       data-orchid-ref="ref-654jdjqd2e"
                                      >
                                        <div
                                          className="absolute top-0 left-0 right-0 h-[2px] bg-gradient-to-r from-trans..."
-                                         data-orchid-ref="ref-61lmgyv2ay"
                                        >
                                        <div
                                          className="flex items-center justify-between h-16 sm:h-20"
-                                         data-orchid-ref="ref-orldiwuabh"
                                        >
                                          <LinkComponent href="/" className="flex items...">
                                            <a
                                              className="flex items-center space-x-2 group relative"
                                              ref={function}
                                              onClick={function onClick}
                                              onMouseEnter={function onMouseEnter}
                                              onTouchStart={function onTouchStart}
                                              href="/"
-                                             data-orchid-ref="ref-717lto4b6y"
                                            >
                                              <div
                               ... [truncated]
2026-02-10T18:43:57.214Z [console][error] A tree hydrated but some attributes of the server rendered HTML didn't match the client properties. This won't be patched up. This can happen if a SSR-ed Client Component used:

- A server/client branch `if (typeof window !== 'undefined')`.
- Variable input such as `Date.now()` or `Math.random()` which changes each time it's called.
- Date formatting in a user's locale which doesn't match the server.
- External changing data without sending a snapshot of it along with the HTML.
- Invalid HTML tag nesting.

It can also happen if the client has a browser extension installed which messes with the HTML before React loaded.

%s%s https://react.dev/link/hydration-mismatch 

  ...
    <HotReload assetPrefix="" globalError={[...]}>
      <AppDevOverlay state={{nextId:1, ...}} globalError={[...]}>
        <AppDevOverlayErrorBoundary globalError={[...]} onError={function bound dispatchSetState}>
          <ReplaySsrOnlyErrors>
          <DevRootHTTPAccessFallbackBoundary>
            <HTTPAccessFallbackBoundary notFound={<NotAllowedRootHTTPFallbackError>}>
              <HTTPAccessFallbackErrorBoundary pathname="/" notFound={<NotAllowedRootHTTPFallbackError>} ...>
                <RedirectBoundary>
                  <RedirectErrorBoundary router={{...}}>
                    <Head>
                    <link>
                    <script>
                    <script>
                    <script>
                    <RootLayout>
                      <html lang="en">
                        <body className="antialiased">
                          <Script>
                          <ErrorReporter>
                          <Script>
                          <Toaster>
                          ...
                            <ClientPageRoot Component={function HomePage} searchParams={{}} params={{}}>
                              <HomePage params={Promise} searchParams={Promise}>
                                <div
                                  className="min-h-screen"
-      ...
